# Running on JH87
# Started at Tue Feb 20 01:46:05 CST 2018
# nnet3-chain-train --apply-deriv-weights=False --l2-regularize=5e-05 --leaky-hmm-coefficient=0.1 --read-cache=exp/ihm/chain_cleaned/tdnn1e_sp_bi/cache.51 --xent-regularize=0.1 --print-interval=10 --momentum=0.0 --max-param-change=2.0 --backstitch-training-scale=0.0 --backstitch-training-interval=1 --l2-regularize-factor=0.125 --srand=51 "nnet3-am-copy --raw=true --learning-rate=0.00325135466558 --scale=1.0 exp/ihm/chain_cleaned/tdnn1e_sp_bi/51.mdl - |" exp/ihm/chain_cleaned/tdnn1e_sp_bi/den.fst "ark,bg:nnet3-chain-copy-egs                         --frame-shift=1                         ark:exp/ihm/chain_cleaned/tdnn1e_sp_bi/egs/cegs.39.ark ark:- |                         nnet3-chain-shuffle-egs --buffer-size=5000                         --srand=51 ark:- ark:- | nnet3-chain-merge-egs                         --minibatch-size=128 ark:- ark:- |" exp/ihm/chain_cleaned/tdnn1e_sp_bi/52.3.raw 
nnet3-chain-train --apply-deriv-weights=False --l2-regularize=5e-05 --leaky-hmm-coefficient=0.1 --read-cache=exp/ihm/chain_cleaned/tdnn1e_sp_bi/cache.51 --xent-regularize=0.1 --print-interval=10 --momentum=0.0 --max-param-change=2.0 --backstitch-training-scale=0.0 --backstitch-training-interval=1 --l2-regularize-factor=0.125 --srand=51 'nnet3-am-copy --raw=true --learning-rate=0.00325135466558 --scale=1.0 exp/ihm/chain_cleaned/tdnn1e_sp_bi/51.mdl - |' exp/ihm/chain_cleaned/tdnn1e_sp_bi/den.fst 'ark,bg:nnet3-chain-copy-egs                         --frame-shift=1                         ark:exp/ihm/chain_cleaned/tdnn1e_sp_bi/egs/cegs.39.ark ark:- |                         nnet3-chain-shuffle-egs --buffer-size=5000                         --srand=51 ark:- ark:- | nnet3-chain-merge-egs                         --minibatch-size=128 ark:- ark:- |' exp/ihm/chain_cleaned/tdnn1e_sp_bi/52.3.raw 
WARNING (nnet3-chain-train[5.4.1~1-6016]:SelectGpuId():cu-device.cc:192) Not in compute-exclusive mode.  Suggestion: use 'nvidia-smi -c 3' to set compute exclusive mode
LOG (nnet3-chain-train[5.4.1~1-6016]:SelectGpuIdAuto():cu-device.cc:311) Selecting from 2 GPUs
LOG (nnet3-chain-train[5.4.1~1-6016]:SelectGpuIdAuto():cu-device.cc:326) cudaSetDevice(0): GeForce GTX 1080 Ti	free:10884M, used:292M, total:11176M, free/total:0.973874
LOG (nnet3-chain-train[5.4.1~1-6016]:SelectGpuIdAuto():cu-device.cc:326) cudaSetDevice(1): GeForce GTX 1080 Ti	free:10858M, used:320M, total:11178M, free/total:0.971374
LOG (nnet3-chain-train[5.4.1~1-6016]:SelectGpuIdAuto():cu-device.cc:375) Trying to select device: 0 (automatically), mem_ratio: 0.973874
LOG (nnet3-chain-train[5.4.1~1-6016]:SelectGpuIdAuto():cu-device.cc:394) Success selecting device 0 free mem ratio: 0.973874
LOG (nnet3-chain-train[5.4.1~1-6016]:FinalizeActiveGpu():cu-device.cc:243) The active GPU is [0]: GeForce GTX 1080 Ti	free:10943M, used:233M, total:11176M, free/total:0.979153 version 6.1
nnet3-am-copy --raw=true --learning-rate=0.00325135466558 --scale=1.0 exp/ihm/chain_cleaned/tdnn1e_sp_bi/51.mdl - 
LOG (nnet3-am-copy[5.4.1~1-6016]:main():nnet3-am-copy.cc:151) Copied neural net from exp/ihm/chain_cleaned/tdnn1e_sp_bi/51.mdl to raw format as -
LOG (nnet3-chain-train[5.4.1~1-6016]:NnetChainTrainer():nnet-chain-training.cc:53) Read computation cache from exp/ihm/chain_cleaned/tdnn1e_sp_bi/cache.51
nnet3-chain-copy-egs --frame-shift=1 ark:exp/ihm/chain_cleaned/tdnn1e_sp_bi/egs/cegs.39.ark ark:- 
nnet3-chain-merge-egs --minibatch-size=128 ark:- ark:- 
nnet3-chain-shuffle-egs --buffer-size=5000 --srand=51 ark:- ark:- 
LOG (nnet3-chain-train[5.4.1~1-6016]:UpdateNnetWithMaxChange():nnet-utils.cc:1910) Per-component max-change active on 7 / 11 Updatable Components.(smallest factor=0.536644 on tdnn2.affine with max-change=0.75). Global max-change factor was 0.75467 with max-change=2.
LOG (nnet3-chain-train[5.4.1~1-6016]:UpdateNnetWithMaxChange():nnet-utils.cc:1910) Per-component max-change active on 7 / 11 Updatable Components.(smallest factor=0.516123 on tdnn2.affine with max-change=0.75). Global max-change factor was 0.732207 with max-change=2.
LOG (nnet3-chain-train[5.4.1~1-6016]:UpdateNnetWithMaxChange():nnet-utils.cc:1910) Per-component max-change active on 7 / 11 Updatable Components.(smallest factor=0.51069 on tdnn2.affine with max-change=0.75). Global max-change factor was 0.72644 with max-change=2.
LOG (nnet3-chain-train[5.4.1~1-6016]:UpdateNnetWithMaxChange():nnet-utils.cc:1910) Per-component max-change active on 7 / 11 Updatable Components.(smallest factor=0.517329 on tdnn2.affine with max-change=0.75). Global max-change factor was 0.746281 with max-change=2.
LOG (nnet3-chain-train[5.4.1~1-6016]:UpdateNnetWithMaxChange():nnet-utils.cc:1910) Per-component max-change active on 7 / 11 Updatable Components.(smallest factor=0.516736 on tdnn2.affine with max-change=0.75). Global max-change factor was 0.717988 with max-change=2.
LOG (nnet3-chain-train[5.4.1~1-6016]:UpdateNnetWithMaxChange():nnet-utils.cc:1910) Per-component max-change active on 7 / 11 Updatable Components.(smallest factor=0.489356 on tdnn2.affine with max-change=0.75). Global max-change factor was 0.730238 with max-change=2.
LOG (nnet3-chain-train[5.4.1~1-6016]:UpdateNnetWithMaxChange():nnet-utils.cc:1910) Per-component max-change active on 7 / 11 Updatable Components.(smallest factor=0.509158 on tdnn2.affine with max-change=0.75). Global max-change factor was 0.742147 with max-change=2.
LOG (nnet3-chain-train[5.4.1~1-6016]:UpdateNnetWithMaxChange():nnet-utils.cc:1910) Per-component max-change active on 7 / 11 Updatable Components.(smallest factor=0.483809 on tdnn2.affine with max-change=0.75). Global max-change factor was 0.741229 with max-change=2.
LOG (nnet3-chain-train[5.4.1~1-6016]:UpdateNnetWithMaxChange():nnet-utils.cc:1910) Per-component max-change active on 7 / 11 Updatable Components.(smallest factor=0.504966 on tdnn2.affine with max-change=0.75). Global max-change factor was 0.722971 with max-change=2.
LOG (nnet3-chain-train[5.4.1~1-6016]:UpdateNnetWithMaxChange():nnet-utils.cc:1910) Per-component max-change active on 7 / 11 Updatable Components.(smallest factor=0.473448 on tdnn2.affine with max-change=0.75). Global max-change factor was 0.713507 with max-change=2.
LOG (nnet3-chain-train[5.4.1~1-6016]:PrintStatsForThisPhase():nnet-training.cc:307) Average objective function for 'output-xent' for minibatches 0-9 is -1.58848 over 64000 frames.
LOG (nnet3-chain-train[5.4.1~1-6016]:PrintStatsForThisPhase():nnet-training.cc:325) Average objective function for 'output' for minibatches 0-9 is -0.107535 + -0.014046 = -0.121581 over 64000 frames.
LOG (nnet3-chain-train[5.4.1~1-6016]:UpdateNnetWithMaxChange():nnet-utils.cc:1910) Per-component max-change active on 7 / 11 Updatable Components.(smallest factor=0.41746 on tdnn2.affine with max-change=0.75). Global max-change factor was 0.699157 with max-change=2.
LOG (nnet3-chain-train[5.4.1~1-6016]:UpdateNnetWithMaxChange():nnet-utils.cc:1910) Per-component max-change active on 7 / 11 Updatable Components.(smallest factor=0.50587 on tdnn2.affine with max-change=0.75). Global max-change factor was 0.722213 with max-change=2.
LOG (nnet3-chain-train[5.4.1~1-6016]:UpdateNnetWithMaxChange():nnet-utils.cc:1910) Per-component max-change active on 7 / 11 Updatable Components.(smallest factor=0.462027 on tdnn2.affine with max-change=0.75). Global max-change factor was 0.713167 with max-change=2.
LOG (nnet3-chain-train[5.4.1~1-6016]:UpdateNnetWithMaxChange():nnet-utils.cc:1910) Per-component max-change active on 7 / 11 Updatable Components.(smallest factor=0.42448 on tdnn2.affine with max-change=0.75). Global max-change factor was 0.703147 with max-change=2.
LOG (nnet3-chain-train[5.4.1~1-6016]:UpdateNnetWithMaxChange():nnet-utils.cc:1910) Per-component max-change active on 7 / 11 Updatable Components.(smallest factor=0.45928 on tdnn2.affine with max-change=0.75). Global max-change factor was 0.706242 with max-change=2.
LOG (nnet3-chain-train[5.4.1~1-6016]:UpdateNnetWithMaxChange():nnet-utils.cc:1910) Per-component max-change active on 8 / 11 Updatable Components.(smallest factor=0.4248 on tdnn2.affine with max-change=0.75). Global max-change factor was 0.696091 with max-change=2.
LOG (nnet3-chain-train[5.4.1~1-6016]:UpdateNnetWithMaxChange():nnet-utils.cc:1910) Per-component max-change active on 7 / 11 Updatable Components.(smallest factor=0.462971 on tdnn2.affine with max-change=0.75). Global max-change factor was 0.709245 with max-change=2.
